Startfile from command line: mb.in


       ***********************************************************
       *                    TeraChem v1.9-2021.05-dev            *
       *                 Hg Version: f53a2e5297ef+               *
       *                   Development Version                   *
       *           Chemistry at the Speed of Graphics!           *
       ***********************************************************
       * This program may only be used in connection with        *
       * a valid license from PetaChem, LLC. Use of this program *
       * or results thereof indicates acceptance of all terms    *
       * and conditions stated in the license and that a valid   *
       * license agreement between the user and PetaChem, LLC    *
       * exists. PetaChem, LLC does not warrant the correctness  *
       * of results or their suitability for any purpose.        *
       * Please email bugs, suggestions, and comments to         *
       *                  help@petachem.com                      *
       *                                                         *
       ***********************************************************


       ***********************************************************
       *  Compiled by zuehlsdt     Thu May 27 13:06:02 PDT 2021  *
       *  Supported architectures: sm_70 sm_75 sm_80 sm_86       *
       *  Build cuda_11.1.TC455_06.29069683_0                    *
       ***********************************************************


 Job started   Sun May  5 19:58:32 2024
 On zuehlsdorff006 (available memory: 161788 MB)

######################################### RUNTIME INFO ##########################################
terachem mb.in 

NVRM version: NVIDIA UNIX x86_64 Kernel Module  460.80  Fri May  7 06:55:54 UTC 2021
GCC version:  gcc version 4.8.5 20150623 (Red Hat 4.8.5-36) (GCC) 

	linux-vdso.so.1 =>  (0x00002aaaaaacd000)
	libiomp5.so => /cm/shared/apps/intel/compilers_and_libraries/2016.3.210/compiler/lib/intel64/libiomp5.so (0x00002aaaaaccf000)
	libcurl.so.4 => /lib64/libcurl.so.4 (0x00002aaaab013000)
	libdftbplus.so => /home/shared/zuehlsdorfflab/TeraChem/build/lib/libdftbplus.so (0x00002aaaab27d000)
	libfsockets.so => /home/shared/zuehlsdorfflab/TeraChem/build/lib/libfsockets.so (0x00002aaaab7b0000)
	libxmlf90.so => /home/shared/zuehlsdorfflab/TeraChem/build/lib/libxmlf90.so (0x00002aaaab9b4000)
	libthcbox.so.1 => /home/shared/zuehlsdorfflab/TeraChem/build/lib/libthcbox.so.1 (0x00002aaaabbda000)
	libgpubox.so.1 => /home/shared/zuehlsdorfflab/TeraChem/build/lib/libgpubox.so.1 (0x00002aaaad903000)
	libtensorbox.so.1 => /home/shared/zuehlsdorfflab/TeraChem/build/lib/libtensorbox.so.1 (0x00002aaaadb16000)
	libiobox.so.1 => /home/shared/zuehlsdorfflab/TeraChem/build/lib/libiobox.so.1 (0x00002aaaadd32000)
	libmoleculebox.so.1 => /home/shared/zuehlsdorfflab/TeraChem/build/lib/libmoleculebox.so.1 (0x00002aaaadf41000)
	libintbox.so.1 => /home/shared/zuehlsdorfflab/TeraChem/build/lib/libintbox.so.1 (0x00002aaaae154000)
	libsqmbox.so.1 => /home/shared/zuehlsdorfflab/TeraChem/build/lib/libsqmbox.so.1 (0x00002aaace6c7000)
	libgridbox.so.1 => /home/shared/zuehlsdorfflab/TeraChem/build/lib/libgridbox.so.1 (0x00002aaacecb7000)
	libdftbox.so.1 => /home/shared/zuehlsdorfflab/TeraChem/build/lib/libdftbox.so.1 (0x00002aaacf1fd000)
	libcibox.so.1 => /home/shared/zuehlsdorfflab/TeraChem/build/lib/libcibox.so.1 (0x00002aaacf4df000)
	libccbox.so.1 => /home/shared/zuehlsdorfflab/TeraChem/build/lib/libccbox.so.1 (0x00002aaacfbea000)
	libsimbox.so.1 => /home/shared/zuehlsdorfflab/TeraChem/build/lib/libsimbox.so.1 (0x00002aaad00f8000)
	liboptbox.so.1 => /home/shared/zuehlsdorfflab/TeraChem/build/lib/liboptbox.so.1 (0x00002aaad0313000)
	libsandboxbox.so.1 => /home/shared/zuehlsdorfflab/TeraChem/build/lib/libsandboxbox.so.1 (0x00002aaad0551000)
	libcuda.so.1 => /lib64/libcuda.so.1 (0x00002aaad0762000)
	libcudart.so.11.0 => /cm/shared/apps/cuda/11.1/lib64/libcudart.so.11.0 (0x00002aaad1e48000)
	libcublas.so.11 => /cm/shared/apps/cuda/11.1/lib64/libcublas.so.11 (0x00002aaad20cd000)
	libcufft.so.10 => /cm/shared/apps/cuda/11.1/lib64/libcufft.so.10 (0x00002aaad95a8000)
	libcusparse.so.11 => /cm/shared/apps/cuda/11.1/lib64/libcusparse.so.11 (0x00002aaae790c000)
	libcrypto.so.10 => /lib64/libcrypto.so.10 (0x00002aaaf598a000)
	libssl.so.10 => /lib64/libssl.so.10 (0x00002aaaf5dec000)
	libstdc++.so.6 => /cm/local/apps/gcc/5.1.0/lib64/libstdc++.so.6 (0x00002aaaf605e000)
	libm.so.6 => /lib64/libm.so.6 (0x00002aaaf63d8000)
	libcilkrts.so.5 => /cm/shared/apps/intel/compilers_and_libraries/2016.3.210/compiler/lib/intel64/libcilkrts.so.5 (0x00002aaaf66da000)
	libgcc_s.so.1 => /cm/local/apps/gcc/5.1.0/lib64/libgcc_s.so.1 (0x00002aaaf6915000)
	libpthread.so.0 => /lib64/libpthread.so.0 (0x00002aaaf6b2c000)
	libc.so.6 => /lib64/libc.so.6 (0x00002aaaf6d48000)
	/lib64/ld-linux-x86-64.so.2 (0x00002aaaaaaab000)
	libdl.so.2 => /lib64/libdl.so.2 (0x00002aaaf7115000)
	libidn.so.11 => /lib64/libidn.so.11 (0x00002aaaf7319000)
	libssh2.so.1 => /lib64/libssh2.so.1 (0x00002aaaf754c000)
	libssl3.so => /lib64/libssl3.so (0x00002aaaf7779000)
	libsmime3.so => /lib64/libsmime3.so (0x00002aaaf79cb000)
	libnss3.so => /lib64/libnss3.so (0x00002aaaf7bf2000)
	libnssutil3.so => /lib64/libnssutil3.so (0x00002aaaf7f1f000)
	libplds4.so => /lib64/libplds4.so (0x00002aaaf814f000)
	libplc4.so => /lib64/libplc4.so (0x00002aaaf8353000)
	libnspr4.so => /lib64/libnspr4.so (0x00002aaaf8558000)
	libgssapi_krb5.so.2 => /lib64/libgssapi_krb5.so.2 (0x00002aaaf8796000)
	libkrb5.so.3 => /lib64/libkrb5.so.3 (0x00002aaaf89e3000)
	libk5crypto.so.3 => /lib64/libk5crypto.so.3 (0x00002aaaf8ccc000)
	libcom_err.so.2 => /lib64/libcom_err.so.2 (0x00002aaaf8eff000)
	liblber-2.4.so.2 => /lib64/liblber-2.4.so.2 (0x00002aaaf9103000)
	libldap-2.4.so.2 => /lib64/libldap-2.4.so.2 (0x00002aaaf9312000)
	libz.so.1 => /lib64/libz.so.1 (0x00002aaaf9567000)
	libifport.so.5 => /cm/shared/apps/intel/oneapi/2021/compiler/2021.1.1/linux/compiler/lib/intel64_lin/libifport.so.5 (0x00002aaaf977d000)
	libifcoremt.so.5 => /cm/shared/apps/intel/oneapi/2021/compiler/2021.1.1/linux/compiler/lib/intel64_lin/libifcoremt.so.5 (0x00002aaaaaaf5000)
	libimf.so => /cm/shared/apps/intel/compilers_and_libraries/2016.3.210/compiler/lib/intel64/libimf.so (0x00002aaaf99ab000)
	libsvml.so => /cm/shared/apps/intel/compilers_and_libraries/2016.3.210/compiler/lib/intel64/libsvml.so (0x00002aaaf9ea9000)
	libintlc.so.5 => /cm/shared/apps/intel/compilers_and_libraries/2016.3.210/compiler/lib/intel64/libintlc.so.5 (0x00002aaafadb5000)
	librt.so.1 => /lib64/librt.so.1 (0x00002aaafb021000)
	libcublasLt.so.11 => /cm/shared/apps/cuda/11.1/lib64/libcublasLt.so.11 (0x00002aaafb229000)
	libkrb5support.so.0 => /lib64/libkrb5support.so.0 (0x00002aab08ff3000)
	libkeyutils.so.1 => /lib64/libkeyutils.so.1 (0x00002aab09203000)
	libresolv.so.2 => /lib64/libresolv.so.2 (0x00002aab09407000)
	libsasl2.so.3 => /lib64/libsasl2.so.3 (0x00002aab09620000)
	libselinux.so.1 => /lib64/libselinux.so.1 (0x00002aab0983d000)
	libcrypt.so.1 => /lib64/libcrypt.so.1 (0x00002aab09a64000)
	libpcre.so.1 => /lib64/libpcre.so.1 (0x00002aab09c9b000)
	libfreebl3.so => /lib64/libfreebl3.so (0x00002aab09efd000)
#################################################################################################

Cannot find license.dat file in the TeraChem installation directory /home/shared/zuehlsdorfflab/TeraChem/build


TRYING THE NETWORK LICENSE...
Connecting to license server '54.208.252.40' port '8877'...
Jobname: snapshot
Scratch directory: ./scr.snapshot
Random number seed: 848321277

XYZ coordinates snapshot.xyz
Molden File Output: ./scr.snapshot/snapshot.molden
Using basis set: 6-31+gs
dmrgstart not found
Spin multiplicity: 1
DIIS will use up to 10 vectors.
Condition number limit for the DIIS overlap matrix is            0
WF convergence threshold: 1.00e-05
Using DIIS algorithm to converge WF
Maximum number of SCF iterations: 55
Incremental fock with rebuild every 8 iterations
Will switch to conventional Fock if diffuse functions are detected
X-matrix tolerance: 1.00e-04
PRECISION: DYNAMIC
DFT Functional requested: camb3lyp
Method: CAM-B3LYP 
  Slater exchange functional:           0.35 
  Full range Becke 1988 exchange:       0.35 
  Full range Hartree-Fock exchange:     0.19 
  SR Becke 1988 exchange functional:    0.46 
  LR Hartree-Fock exchange:             0.46 
  Range Correction Scaling:             0.330 a.u. 
  Lee-Yang-Parr correlation functional: 0.81 
  VWN(V) correlation functional:        0.19 
Wavefunction: RESTRICTED
DFT grid type: 1
Using dynamic DFT grids.
Initial guess generated by maximum overlap
point charges coordinates file: ptcharges.xyz


********************************************
***** SINGLE POINT ENERGY CALCULATIONS *****
********************************************
*************WARNING***************
Unrecognized or unnecessary keywords:
These are being ignored.
   safemode no
***********************************

using 1 out of 1 CUDA devices
   Device 0:     GeForce RTX 3080, 10018MB, CC 8.6 -- CPU THREAD 0
-------------------------------------------------------------------
 CPU Memory Available: 24009.88 MegaWords 
 GPU Memory Available: 996.26 MegaWords 
 Maximum recommended basis set size: 11200 basis functions
 (limited by GPU memory)
-------------------------------------------------------------------
Connected!
Checking your license...

**************************************************************
  Greetings, Martinez Group! You have 1000 licenses in total
  IN USE: 2
  AVAILABLE: 998
**************************************************************



Basis set:       6-31+gs
Total atoms:     10
Total charge:    0
Total electrons: 42 (21-alpha, 21-beta)
Number electrons modeled by ECPs: 0
Total orbitals:  122
Total AO shells: 56 (32 S-shells; 18 P-shells; 6 D-shells; 0 F-shells; 0 G-shells)
Spin multiplicity: 1
Nuclear repulsion energy (QM atoms): 210.805364322449 a.u.

Number of MM point charges: 8565
Total charge from MM point charges: 0.00e


**********************************************************
*** WARNING! USING DEFAULT VDW PARAMETERS FOR QM ATOMS ***
**********************************************************
   TYPE       SIGMA       EPSILON
     N      1.850000      0.200000
     N      1.850000      0.200000
     C      2.060000      0.080000
     C      2.060000      0.080000
     C      2.060000      0.080000
     C      2.060000      0.080000
     H      1.320000      0.022000
     H      1.320000      0.022000
     H      1.320000      0.022000
     H      1.320000      0.022000
Setting up the DFT grid...
time to set the grid = 0.00 s
DFT grid points: 10673 (1067 points/atom)
Setting up the DFT grid...
time to set the grid = 0.01 s
DFT grid points: 29509 (2950 points/atom)

************************************* WARNING *************************************
 2 out of 122 eigenvalues of the overlap matrix are smaller than xtol = 1.0e-04
 and will be flushed to zero. In many cases this is caused by bad geometry of the
 molecule, Cartesian basis sets, or the use of diffuse basis functions. 
 Try using a spherical basis representation 'sphericalbasis yes'. If the SCF procedure does not
 converge, increase the threshold by setting 'xtol' to 1.0e-03 or 1.0e-02 and/or
 decrease the coulomb and exchange integral screening thresholds 'threall' 
 up to 1.0e-15 or 1.0e-16. In addition, you can try to loosen the the WF 
 convergence threshold, perform several geometry optimization steps, and run the 
 calculations again with the new geometry. You can also try to switch to double
 precision instead of mixed (default) or single precision.
***********************************************************************************


                      *** Start SCF Iterations ***

 Iter     DIIS Error       Energy change      Electrons        XC Energy           Energy        Time(s)
----------------------------------------------------------------------------------------------------------
Purifying guess...Purification run on CPU (double precision)  using TC2 purification.
Density matrix purification finished after a total of 0 matrix multiplies
THRESPDP set to 1.00e+00
                >>> SWITCHING TO GRID 1 <<<
   1     0.8695758244   -1216.2882923873    41.9998504913   -25.1956820815   -1216.2882923873     1.16  
                >>> SWITCHING TO GRID 0 <<<
   2     0.3012569931      -2.1391482493    42.0002560770   -27.8498169610   -1218.4274406366     0.22  
   3     0.0705219030      -1.2293254902    41.9999286289   -26.9221171186   -1219.6567661268     0.37  
   4     0.0546546378      -0.0122594187    41.9998275154   -26.7712760172   -1219.6690255455     0.42  
   5     0.0067351367      -0.0198537173    41.9998920503   -26.8491456210   -1219.6888792628     0.44  
                >>> SWITCHING TO GRID 1 <<<
   6     0.0023673155      +0.0001241174    42.0000113176   -26.8507978609   -1219.6887551454     0.47  
THRESPDP set to 2.96e-04
   7     0.0013206455      -0.0000620322    42.0000125829   -26.8505506792   -1219.6888171776     0.81  
   8     0.0002006152      -0.0000268724    42.0000132446   -26.8510794075   -1219.6888440500     0.71  
   9     0.0000614133      -0.0000016664    42.0000133691   -26.8510623642   -1219.6888457164     0.70  
  10     0.0000340818      -0.0000001008    42.0000133759   -26.8510319019   -1219.6888458172     0.84  
  11     0.0000115310      -0.0000000293    42.0000133724   -26.8510005659   -1219.6888458465     0.82  
  12     0.0000041041      +0.0000000138    42.0000133759   -26.8510080859   -1219.6888458326     0.71  
----------------------------------------------------------------------------------------------------------
FINAL ENERGY: -1219.6888458326 a.u.
WARNING: Final energy is higher than the lowest energy by    3.343e-05.
HOMO-LUMO GAP: 8.429 eV
CENTER OF MASS: {8.708266, 0.916487, 0.604029} ANGS
QM  DIPOLE MOMENT: {-0.773986, 0.533977, -0.769512} (|D| = 1.215045) DEBYE
MM  DIPOLE MOMENT: {17.349567, 33.242988, 12.370229} (|D| = 39.485773) DEBYE
TOT DIPOLE MOMENT: {16.575581, 33.776965, 11.600717} (|D| = 39.372705) DEBYE
Writing out molden info

Running Mulliken population analysis...


  Restricted CIS Parameters
--------------------------------------------
Number of occupied orbitals:            21
Number of virtual orbitals:             99
Number of molecular orbitals:          120
Number of basis functions:             122
Multiplicity of target state:      singlet

 Generating 2nd functional diffs
      Davidson Diagonalization Parameters
-----------------------------------------------
Number of roots to find:                    4
Number of guess vectors:                    5
Maximum subspace size:                     40
Number of vectors to save:                  4
Collapse vectors per root:                  2
Number of CSFs:                          2079
Maximum Davidson iterations:               50
Residual convergence:                 1.0e-04
Orthogonality tolerance:              1.0e-12
Use incremental sigma vectors:             No

  Nonsymmetric Davidson Dynamic Precision Parameters
------------------------------------------------------
SP Residual convergence:              1.0e-04
Sigma vector THRESPDP:                3.0e-04

Davidson memory usage:   1.40 MB

Guess Vectors:
  21 ->  22 : D -> V :     0.309762
  20 ->  22 : D -> V :     0.323150
  21 ->  23 : D -> V :     0.341596
  20 ->  23 : D -> V :     0.354984
  21 ->  24 : D -> V :     0.367657

  Root           Eigenvalue       Energy Change        Residual
-------------------------------------------------------------------
Iteration:    0   Subspace Size:    5
Root: 1:         0.16857172         0.16857172         0.06818510  
Root: 2:         0.19937508         0.19937508         0.04123494  
Root: 3:         0.25740496         0.25740496         0.19122935  
Root: 4:         0.27269621         0.27269621         0.03575397  

Iteration:    1   Subspace Size:    9
Root: 1:         0.16290293        -0.00566879         0.02866749  
Root: 2:         0.19521383        -0.00416124         0.01556296  
Root: 3:         0.21128351        -0.04612145         0.04150441  
Root: 4:         0.26612575        -0.00657046         0.01606512  

Iteration:    2   Subspace Size:   13
Root: 1:         0.16204083        -0.00086211         0.00776982  
Root: 2:         0.19498924        -0.00022460         0.00503967  
Root: 3:         0.20821019        -0.00307332         0.01709988  
Root: 4:         0.26507712        -0.00104863         0.02245126  

Iteration:    3   Subspace Size:   17
Root: 1:         0.16198837        -0.00005246         0.00158648  
Root: 2:         0.19494564        -0.00004359         0.00236006  
Root: 3:         0.20778686        -0.00042334         0.00483917  
Root: 4:         0.26172218        -0.00335495         0.04090481  

Iteration:    4   Subspace Size:   21
Root: 1:         0.16198564        -0.00000272         0.00048873  
Root: 2:         0.19493169        -0.00001396         0.00160690  
Root: 3:         0.20776484        -0.00002202         0.00094884  
Root: 4:         0.25345069        -0.00827148         0.07975804  

Iteration:    5   Subspace Size:   25
Root: 1:         0.16198537        -0.00000027         0.00015977  
Root: 2:         0.19492687        -0.00000482         0.00067676  
Root: 3:         0.20776356        -0.00000128         0.00033673  
Root: 4:         0.23384302        -0.01960767         0.04340985  

Iteration:    6   Subspace Size:   29
Root: 1:         0.16198535        -0.00000003         0.00005479  Converged
Root: 2:         0.19492631        -0.00000056         0.00019255  
Root: 3:         0.20776338        -0.00000018         0.00013821  
Root: 4:         0.23116885        -0.00267417         0.01582079  

Iteration:    7   Subspace Size:   32
Root: 1:         0.16198534        -0.00000000         0.00003609  Converged
Root: 2:         0.19492626        -0.00000005         0.00004766  Converged
Root: 3:         0.20776336        -0.00000002         0.00003246  Converged
Root: 4:         0.23071104        -0.00045781         0.00604393  

Iteration:    8   Subspace Size:   33
Root: 1:         0.16198534        -0.00000000         0.00003610  Converged
Root: 2:         0.19492626        -0.00000000         0.00001802  Converged
Root: 3:         0.20776336        -0.00000000         0.00003235  Converged
Root: 4:         0.23065860        -0.00005243         0.00198560  

Iteration:    9   Subspace Size:   34
Root: 1:         0.16198534        -0.00000000         0.00003593  Converged
Root: 2:         0.19492626        -0.00000000         0.00001509  Converged
Root: 3:         0.20776336        -0.00000000         0.00003233  Converged
Root: 4:         0.23065465        -0.00000395         0.00047204  

Iteration:   10   Subspace Size:   35
Root: 1:         0.16198534        -0.00000000         0.00003583  Converged
Root: 2:         0.19492626        -0.00000000         0.00001504  Converged
Root: 3:         0.20776336        -0.00000000         0.00003216  Converged
Root: 4:         0.23065434        -0.00000031         0.00015484  

Iteration:   11   Subspace Size:   36
Root: 1:         0.16198534        -0.00000000         0.00003592  Converged
Root: 2:         0.19492626        -0.00000000         0.00001517  Converged
Root: 3:         0.20776336        -0.00000000         0.00003187  Converged
Root: 4:         0.23065431        -0.00000003         0.00004368  Converged

Davidson has converged in single precision
Collapsing subspace to 4 vectors
Rebuilding sigma vectors in mixed precision

Iteration:   12   Subspace Size:    4
Root: 1:         0.16198534         0.00000000         0.00003593  Converged
Root: 2:         0.19492626         0.00000000         0.00001519  Converged
Root: 3:         0.20776336        -0.00000000         0.00003186  Converged
Root: 4:         0.23065431         0.00000000         0.00004369  Converged

Davidson converged in 12 iterations
40 sigma vectors were formed
36 sigma vectors were formed in single precision
4 sigma vectors were formed in mixed precision

  Root   Total Energy (a.u.)   Ex. Energy (a.u.)     Ex. Energy (eV)     Ex. Energy (nm)
-----------------------------------------------------------------------------------------
     1      -1219.52686049          0.16198534          4.40784475        281.28082500
     2      -1219.49391957          0.19492626          5.30421258        233.74670379
     3      -1219.48108248          0.20776336          5.65352761        219.30417469
     4      -1219.45819152          0.23065431          6.27642221        197.53964362

Unrelaxed excited state dipole moments:

  Root       Dx         Dy         Dz         |D|  (Debye)
------------------------------------------------------------
     1    -0.6644     0.8417    -0.9048     1.4030
     2    -1.6135     0.8383    -1.9810     2.6890
     3    -0.2354     0.6294    -0.2102     0.7041
     4    -0.7358     0.4957    -0.5209     1.0288

Transition dipole moments:

  Root       Tx         Ty         Tz         |T| (a.u.)
----------------------------------------------------------
     1   -0.0875415694    0.1797222369    0.2475290232    0.3181732643
     2    0.0290166208   -0.0795773616    0.1138680540    0.1419170690
     3   -0.6700403373    0.0854122156   -0.7243325249    0.9904074448
     4   -0.0138056854   -0.0129936947    0.0247625931    0.0311868413

Transition dipole moments between excited states:

    Transition       Tx         Ty         Tz         |T| (a.u.)
------------------------------------------------------------------
     1 ->    2    -0.0702     0.0865     0.0338     0.1163
     1 ->    3     0.0385     0.0264     0.0314     0.0562
     1 ->    4    -1.1866    -1.3447     0.9945     2.0507
     2 ->    3    -0.0190     0.0609    -0.1038     0.1218
     2 ->    4    -0.1908     0.0026    -0.2032     0.2788
     3 ->    4    -0.1258    -0.1628     0.1286     0.2427

Velocity transition dipole moments:

  Root       Tx         Ty         Tz         |T| (a.u.)
----------------------------------------------------------
     1    -0.0060     0.0099     0.0161     0.0198
     2    -0.0047    -0.0023    -0.0009     0.0053
     3    -0.0095     0.0011    -0.0090     0.0131
     4     0.0011    -0.0010    -0.0002     0.0015

Magnetic transition dipole moments and rotational strengths:

  Root       Lx         Ly         Lz       R(len)     R(vel) (a.u.)
--------------------------------------------------------------------
     1    -0.0555    -0.0779     0.0158     0.0052    -0.0011
     2     0.0897     0.0730     0.1865    -0.0180    -0.0039
     3     0.0349    -0.0370     0.0096     0.0335    -0.0022
     4     0.9076    -0.0446     0.9752    -0.0122     0.0037


Electric transition quadrupole moments (Cartesian):

   Root       Qxy        Qxz        Qyz        Qxx        Qyy        Qzz       norm (a.u.)
--------------------------------------------------------------------------------------------
     1    -0.0279     0.0670    -0.1133     0.0176     0.0708     0.0203     0.1544
     2    -0.0960     0.0401     0.0781     0.1534    -0.1737     0.0824     0.2782
     3     0.0087    -0.0356     0.0302    -0.0043    -0.1939    -0.1019     0.2241
     4    -0.1714    -0.7250     0.1333     0.8415    -1.5737     0.7368     2.0737

Root 1: Largest CI coefficients:
  21 ->  22 : D -> V :   0.938793
  20 ->  22 : D -> V :  -0.313288

Root 2: Largest CI coefficients:
  21 ->  23 : D -> V :   0.918751
  20 ->  23 : D -> V :  -0.342714

Root 3: Largest CI coefficients:
  20 ->  22 : D -> V :  -0.865481
  18 ->  23 : D -> V :   0.285997
  21 ->  22 : D -> V :  -0.276642
  19 ->  23 : D -> V :   0.238133

Root 4: Largest CI coefficients:
  19 ->  22 : D -> V :  -0.822901
  18 ->  22 : D -> V :   0.523113

  Final Excited State Results:

  Root   Total Energy (a.u.)   Ex. Energy (eV)   Osc. (a.u.)   < S^2 >   Max CI Coeff.      Excitation
------------------------------------------------------------------------------------------------------------
     1       -1219.52686049        4.40784475       0.0109      0.0000      0.938793     21 ->  22 : D -> V
     2       -1219.49391957        5.30421258       0.0026      0.0000      0.918751     21 ->  23 : D -> V
     3       -1219.48108248        5.65352761       0.1359      0.0000     -0.865481     20 ->  22 : D -> V
     4       -1219.45819152        6.27642221       0.0001      0.0000     -0.822901     19 ->  22 : D -> V

        0.00000000000000         0.00000000000000         0.00000000000000
        0.00000000000000         0.00000000000000         0.00000000000000
        0.00000000000000         0.00000000000000         0.00000000000000
        0.00000000000000         0.00000000000000         0.00000000000000
        0.00000000000000         0.00000000000000         0.00000000000000
        0.00000000000000         0.00000000000000         0.00000000000000
        0.00000000000000         0.00000000000000         0.00000000000000
        0.00000000000000         0.00000000000000         0.00000000000000
        0.00000000000000         0.00000000000000         0.00000000000000
        0.00000000000000         0.00000000000000         0.00000000000000
Total processing time: 43.44 sec 

 Job finished: Sun May  5 19:59:19 2024

